#
# A fatal error has been detected by the Java Runtime Environment:
#
#  Internal Error (classFileParser.cpp:3075), pid=9637, tid=140193171900688
#  Error: ShouldNotReachHere()
#
# JRE version: 6.0-b16
# Java VM: OpenJDK 64-Bit Server VM (14.0-b16 mixed mode linux-amd64 )
# Distribution: Ubuntu 9.10, package 6b16-1.6.1-3ubuntu3
# If you would like to submit a bug report, please include
# instructions how to reproduce the bug and visit:
#   https://bugs.launchpad.net/ubuntu/+source/openjdk-6/
#

---------------  T H R E A D  ---------------

Current thread (0x0000000002447000):  JavaThread "Unknown thread" [_thread_in_vm, id=9642, stack(0x00007f8144260000,0x00007f8144361000)]

Stack: [0x00007f8144260000,0x00007f8144361000],  sp=0x00007f814435f060,  free space=1020k
Native frames: (J=compiled Java code, j=interpreted, Vv=VM code, C=native code)
V  [libjvm.so+0x66da5f]
V  [libjvm.so+0x66dc6d]
V  [libjvm.so+0x2cd8a3]
V  [libjvm.so+0x26525a]
V  [libjvm.so+0x267d6c]
V  [libjvm.so+0x608ac3]
V  [libjvm.so+0x6099a5]
V  [libjvm.so+0x609e43]
V  [libjvm.so+0x609f95]
V  [libjvm.so+0x60a009]
V  [libjvm.so+0x60a102]
V  [libjvm.so+0x64ac0f]
V  [libjvm.so+0x64b5a4]
V  [libjvm.so+0x386e4a]
V  [libjvm.so+0x637fd3]
V  [libjvm.so+0x3ca640]
C  [java+0x31de]  JavaMain+0x7e


---------------  P R O C E S S  ---------------

Java Threads: ( => current thread )

Other Threads:

=>0x0000000002447000 (exited) JavaThread "Unknown thread" [_thread_in_vm, id=9642, stack(0x00007f8144260000,0x00007f8144361000)]

VM state:not at safepoint (not fully initialized)

VM Mutex/Monitor currently owned by a thread: None

Dynamic libraries:
00400000-00409000 r-xp 00000000 08:05 555028                             /usr/lib/jvm/java-6-openjdk/jre/bin/java
00608000-00609000 r--p 00008000 08:05 555028                             /usr/lib/jvm/java-6-openjdk/jre/bin/java
00609000-0060a000 rw-p 00009000 08:05 555028                             /usr/lib/jvm/java-6-openjdk/jre/bin/java
0243e000-024ab000 rw-p 00000000 00:00 0                                  [heap]
7f8116165000-7f81161c3000 r--s 00492000 08:05 192826                     /home/ziby/Scrivania/android-sdk-linux_86/platforms/android-7/android.jar
7f81161c3000-7f81161eb000 rw-p 00000000 00:00 0 
7f81161eb000-7f81161ec000 ---p 00000000 00:00 0 
7f81161ec000-7f81162ec000 rw-p 00000000 00:00 0 
7f81162ec000-7f81162ed000 ---p 00000000 00:00 0 
7f81162ed000-7f81163ed000 rw-p 00000000 00:00 0 
7f81163ed000-7f81163f8000 rwxp 00000000 00:00 0 
7f81163f8000-7f8116441000 rwxp 00000000 00:00 0 
7f8116441000-7f811644b000 rwxp 00000000 00:00 0 
7f811644b000-7f81164df000 rwxp 00000000 00:00 0 
7f81164df000-7f81164ea000 rwxp 00000000 00:00 0 
7f81164ea000-7f8116533000 rwxp 00000000 00:00 0 
7f8116533000-7f811653d000 rwxp 00000000 00:00 0 
7f811653d000-7f81165d0000 rwxp 00000000 00:00 0 
7f81165d0000-7f81165d6000 rwxp 00000000 00:00 0 
7f81165d6000-7f811661f000 rwxp 00000000 00:00 0 
7f811661f000-7f8117ae0000 rwxp 00000000 00:00 0 
7f8117ae0000-7f8120e20000 rwxp 00000000 00:00 0 
7f8120e20000-7f81221c0000 rwxp 00000000 00:00 0 
7f81221c0000-7f81348d0000 rwxp 00000000 00:00 0 
7f81348d0000-7f81352a0000 rwxp 00000000 00:00 0 
7f81352a0000-7f813e620000 rwxp 00000000 00:00 0 
7f813e62c000-7f813e89c000 rwxp 00000000 00:00 0 
7f813e89c000-7f814162c000 rwxp 00000000 00:00 0 
7f814162c000-7f8141633000 r-xp 00000000 08:05 1298254                    /usr/lib/jvm/java-6-openjdk/jre/lib/amd64/libzip.so
7f8141633000-7f8141832000 ---p 00007000 08:05 1298254                    /usr/lib/jvm/java-6-openjdk/jre/lib/amd64/libzip.so
7f8141832000-7f8141833000 r--p 00006000 08:05 1298254                    /usr/lib/jvm/java-6-openjdk/jre/lib/amd64/libzip.so
7f8141833000-7f8141834000 rw-p 00007000 08:05 1298254                    /usr/lib/jvm/java-6-openjdk/jre/lib/amd64/libzip.so
7f8141834000-7f8141840000 r-xp 00000000 08:05 780100                     /lib/libnss_files-2.10.1.so
7f8141840000-7f8141a3f000 ---p 0000c000 08:05 780100                     /lib/libnss_files-2.10.1.so
7f8141a3f000-7f8141a40000 r--p 0000b000 08:05 780100                     /lib/libnss_files-2.10.1.so
7f8141a40000-7f8141a41000 rw-p 0000c000 08:05 780100                     /lib/libnss_files-2.10.1.so
7f8141a41000-7f8141a4b000 r-xp 00000000 08:05 780102                     /lib/libnss_nis-2.10.1.so
7f8141a4b000-7f8141c4a000 ---p 0000a000 08:05 780102                     /lib/libnss_nis-2.10.1.so
7f8141c4a000-7f8141c4b000 r--p 00009000 08:05 780102                     /lib/libnss_nis-2.10.1.so
7f8141c4b000-7f8141c4c000 rw-p 0000a000 08:05 780102                     /lib/libnss_nis-2.10.1.so
7f8141c4c000-7f8141c53000 r-xp 00000000 08:05 780098                     /lib/libnss_compat-2.10.1.so
7f8141c53000-7f8141e53000 ---p 00007000 08:05 780098                     /lib/libnss_compat-2.10.1.so
7f8141e53000-7f8141e54000 r--p 00007000 08:05 780098                     /lib/libnss_compat-2.10.1.so
7f8141e54000-7f8141e55000 rw-p 00008000 08:05 780098                     /lib/libnss_compat-2.10.1.so
7f8141e55000-7f8141e5d000 r-xp 00000000 08:05 1298255                    /usr/lib/jvm/java-6-openjdk/jre/lib/amd64/native_threads/libhpi.so
7f8141e5d000-7f814205c000 ---p 00008000 08:05 1298255                    /usr/lib/jvm/java-6-openjdk/jre/lib/amd64/native_threads/libhpi.so
7f814205c000-7f814205d000 r--p 00007000 08:05 1298255                    /usr/lib/jvm/java-6-openjdk/jre/lib/amd64/native_threads/libhpi.so
7f814205d000-7f814205e000 rw-p 00008000 08:05 1298255                    /usr/lib/jvm/java-6-openjdk/jre/lib/amd64/native_threads/libhpi.so
7f814205e000-7f8142074000 r-xp 00000000 08:05 780097                     /lib/libnsl-2.10.1.so
7f8142074000-7f8142274000 ---p 00016000 08:05 780097                     /lib/libnsl-2.10.1.so
7f8142274000-7f8142275000 r--p 00016000 08:05 780097                     /lib/libnsl-2.10.1.so
7f8142275000-7f8142276000 rw-p 00017000 08:05 780097                     /lib/libnsl-2.10.1.so
7f8142276000-7f8142278000 rw-p 00000000 00:00 0 
7f8142278000-7f81422a5000 r-xp 00000000 08:05 1298236                    /usr/lib/jvm/java-6-openjdk/jre/lib/amd64/libjava.so
7f81422a5000-7f81424a4000 ---p 0002d000 08:05 1298236                    /usr/lib/jvm/java-6-openjdk/jre/lib/amd64/libjava.so
7f81424a4000-7f81424a5000 r--p 0002c000 08:05 1298236                    /usr/lib/jvm/java-6-openjdk/jre/lib/amd64/libjava.so
7f81424a5000-7f81424a8000 rw-p 0002d000 08:05 1298236                    /usr/lib/jvm/java-6-openjdk/jre/lib/amd64/libjava.so
7f81424a8000-7f81424b6000 r-xp 00000000 08:05 1298253                    /usr/lib/jvm/java-6-openjdk/jre/lib/amd64/libverify.so
7f81424b6000-7f81426b5000 ---p 0000e000 08:05 1298253                    /usr/lib/jvm/java-6-openjdk/jre/lib/amd64/libverify.so
7f81426b5000-7f81426b7000 r--p 0000d000 08:05 1298253                    /usr/lib/jvm/java-6-openjdk/jre/lib/amd64/libverify.so
7f81426b7000-7f81426b8000 rw-p 0000f000 08:05 1298253                    /usr/lib/jvm/java-6-openjdk/jre/lib/amd64/libverify.so
7f81426b8000-7f81426bf000 r-xp 00000000 08:05 780107                     /lib/librt-2.10.1.so
7f81426bf000-7f81428be000 ---p 00007000 08:05 780107                     /lib/librt-2.10.1.so
7f81428be000-7f81428bf000 r--p 00006000 08:05 780107                     /lib/librt-2.10.1.so
7f81428bf000-7f81428c0000 rw-p 00007000 08:05 780107                     /lib/librt-2.10.1.so
7f81428c0000-7f8142942000 r-xp 00000000 08:05 780095                     /lib/libm-2.10.1.so
7f8142942000-7f8142b42000 ---p 00082000 08:05 780095                     /lib/libm-2.10.1.so
7f8142b42000-7f8142b43000 r--p 00082000 08:05 780095                     /lib/libm-2.10.1.so
7f8142b43000-7f8142b44000 rw-p 00083000 08:05 780095                     /lib/libm-2.10.1.so
7f8142b44000-7f81432ff000 r-xp 00000000 08:05 1298256                    /usr/lib/jvm/java-6-openjdk/jre/lib/amd64/server/libjvm.so
7f81432ff000-7f81434ff000 ---p 007bb000 08:05 1298256                    /usr/lib/jvm/java-6-openjdk/jre/lib/amd64/server/libjvm.so
7f81434ff000-7f814356c000 r--p 007bb000 08:05 1298256                    /usr/lib/jvm/java-6-openjdk/jre/lib/amd64/server/libjvm.so
7f814356c000-7f8143585000 rw-p 00828000 08:05 1298256                    /usr/lib/jvm/java-6-openjdk/jre/lib/amd64/server/libjvm.so
7f8143585000-7f81435c1000 rw-p 00000000 00:00 0 
7f81435c1000-7f8143727000 r-xp 00000000 08:05 780090                     /lib/libc-2.10.1.so
7f8143727000-7f8143927000 ---p 00166000 08:05 780090                     /lib/libc-2.10.1.so
7f8143927000-7f814392b000 r--p 00166000 08:05 780090                     /lib/libc-2.10.1.so
7f814392b000-7f814392c000 rw-p 0016a000 08:05 780090                     /lib/libc-2.10.1.so
7f814392c000-7f8143931000 rw-p 00000000 00:00 0 
7f8143931000-7f8143933000 r-xp 00000000 08:05 780094                     /lib/libdl-2.10.1.so
7f8143933000-7f8143b33000 ---p 00002000 08:05 780094                     /lib/libdl-2.10.1.so
7f8143b33000-7f8143b34000 r--p 00002000 08:05 780094                     /lib/libdl-2.10.1.so
7f8143b34000-7f8143b35000 rw-p 00003000 08:05 780094                     /lib/libdl-2.10.1.so
7f8143b35000-7f8143b39000 r-xp 00000000 08:05 1297450                    /usr/lib/jvm/java-6-openjdk/jre/lib/amd64/jli/libjli.so
7f8143b39000-7f8143d38000 ---p 00004000 08:05 1297450                    /usr/lib/jvm/java-6-openjdk/jre/lib/amd64/jli/libjli.so
7f8143d38000-7f8143d39000 r--p 00003000 08:05 1297450                    /usr/lib/jvm/java-6-openjdk/jre/lib/amd64/jli/libjli.so
7f8143d39000-7f8143d3a000 rw-p 00004000 08:05 1297450                    /usr/lib/jvm/java-6-openjdk/jre/lib/amd64/jli/libjli.so
7f8143d3a000-7f8143d51000 r-xp 00000000 08:05 780105                     /lib/libpthread-2.10.1.so
7f8143d51000-7f8143f50000 ---p 00017000 08:05 780105                     /lib/libpthread-2.10.1.so
7f8143f50000-7f8143f51000 r--p 00016000 08:05 780105                     /lib/libpthread-2.10.1.so
7f8143f51000-7f8143f52000 rw-p 00017000 08:05 780105                     /lib/libpthread-2.10.1.so
7f8143f52000-7f8143f56000 rw-p 00000000 00:00 0 
7f8143f56000-7f8143f6c000 r-xp 00000000 08:05 791992                     /lib/libz.so.1.2.3.3
7f8143f6c000-7f814416b000 ---p 00016000 08:05 791992                     /lib/libz.so.1.2.3.3
7f814416b000-7f814416c000 r--p 00015000 08:05 791992                     /lib/libz.so.1.2.3.3
7f814416c000-7f814416d000 rw-p 00016000 08:05 791992                     /lib/libz.so.1.2.3.3
7f814416d000-7f814418c000 r-xp 00000000 08:05 775219                     /lib/ld-2.10.1.so
7f81441a0000-7f81441aa000 rwxp 00000000 00:00 0 
7f81441aa000-7f8144260000 rwxp 00000000 00:00 0 
7f8144260000-7f8144263000 ---p 00000000 00:00 0 
7f8144263000-7f8144365000 rw-p 00000000 00:00 0 
7f814437e000-7f8144386000 rw-s 00000000 08:05 800502                     /tmp/hsperfdata_ziby/9637
7f8144386000-7f8144387000 rw-p 00000000 00:00 0 
7f8144387000-7f8144388000 r--p 00000000 00:00 0 
7f8144388000-7f814438b000 rw-p 00000000 00:00 0 
7f814438b000-7f814438c000 r--p 0001e000 08:05 775219                     /lib/ld-2.10.1.so
7f814438c000-7f814438d000 rw-p 0001f000 08:05 775219                     /lib/ld-2.10.1.so
7fff869c5000-7fff869da000 rw-p 00000000 00:00 0                          [stack]
7fff869ff000-7fff86a00000 r-xp 00000000 00:00 0                          [vdso]
ffffffffff600000-ffffffffff601000 r-xp 00000000 00:00 0                  [vsyscall]

VM Arguments:
jvm_args: -Dfile.encoding=UTF-8 -Xbootclasspath/p:/home/ziby/Scrivania/android-sdk-linux_86/platforms/android-7/android.jar 
java_command: source.mdtn.bundle.Bundle
Launcher Type: SUN_STANDARD

Environment Variables:
PATH=/usr/local/sbin:/usr/local/bin:/usr/sbin:/usr/bin:/sbin:/bin:/usr/games
USERNAME=ziby
LD_LIBRARY_PATH=/usr/lib/jvm/java-6-openjdk/jre/lib/amd64/server:/usr/lib/jvm/java-6-openjdk/jre/lib/amd64:/usr/lib/jvm/java-6-openjdk/jre/../lib/amd64:/usr/lib/jvm/java-6-sun-1.6.0.20/jre/lib/amd64/server:/usr/lib/jvm/java-6-sun-1.6.0.20/jre/lib/amd64:/usr/lib/jvm/java-6-sun-1.6.0.20/jre/../lib/amd64:/usr/lib/xulrunner-1.9.1.9:/usr/lib64/xulrunner-addons
SHELL=/bin/bash
DISPLAY=:0.0

Signal Handlers:
SIGSEGV: [libjvm.so+0x66e6e0], sa_mask[0]=0x7ffbfeff, sa_flags=0x10000004
SIGBUS: [libjvm.so+0x66e6e0], sa_mask[0]=0x7ffbfeff, sa_flags=0x10000004
SIGFPE: [libjvm.so+0x5453e0], sa_mask[0]=0x7ffbfeff, sa_flags=0x10000004
SIGPIPE: [libjvm.so+0x5453e0], sa_mask[0]=0x7ffbfeff, sa_flags=0x10000004
SIGXFSZ: [libjvm.so+0x5453e0], sa_mask[0]=0x7ffbfeff, sa_flags=0x10000004
SIGILL: [libjvm.so+0x5453e0], sa_mask[0]=0x7ffbfeff, sa_flags=0x10000004
SIGUSR1: SIG_DFL, sa_mask[0]=0x00000000, sa_flags=0x00000000
SIGUSR2: [libjvm.so+0x544b30], sa_mask[0]=0x00000004, sa_flags=0x10000004
SIGHUP: SIG_DFL, sa_mask[0]=0x00000000, sa_flags=0x00000000
SIGINT: SIG_DFL, sa_mask[0]=0x00000000, sa_flags=0x00000000
SIGTERM: SIG_DFL, sa_mask[0]=0x00000000, sa_flags=0x00000000
SIGQUIT: SIG_DFL, sa_mask[0]=0x00000000, sa_flags=0x00000000


---------------  S Y S T E M  ---------------

OS:Ubuntu 9.10 (karmic)
uname:Linux 2.6.31-15-generic #50-Ubuntu SMP Tue Nov 10 14:53:52 UTC 2009 x86_64
libc:glibc 2.10.1 NPTL 2.10.1 
rlimit: STACK 8192k, CORE 0k, NPROC infinity, NOFILE 1024, AS infinity
load average:0.32 0.28 0.18

CPU:total 2 (2 cores per cpu, 1 threads per core) family 15 model 104 stepping 1, cmov, cx8, fxsr, mmx, sse, sse2, sse3, mmxext, 3dnow, 3dnowext

Memory: 4k page, physical 1926400k(63000k free), swap 979924k(797280k free)

vm_info: OpenJDK 64-Bit Server VM (14.0-b16) for linux-amd64 JRE (1.6.0_0-b16), built on Apr  4 2010 19:41:29 by "buildd" with gcc 4.4.1

time: Fri Jun  4 14:14:31 2010
elapsed time: 0 seconds

