#
# A fatal error has been detected by the Java Runtime Environment:
#
#  Internal Error (classFileParser.cpp:3075), pid=4461, tid=140417646180624
#  Error: ShouldNotReachHere()
#
# JRE version: 6.0-b16
# Java VM: OpenJDK 64-Bit Server VM (14.0-b16 mixed mode linux-amd64 )
# Distribution: Ubuntu 9.10, package 6b16-1.6.1-3ubuntu3
# If you would like to submit a bug report, please include
# instructions how to reproduce the bug and visit:
#   https://bugs.launchpad.net/ubuntu/+source/openjdk-6/
#

---------------  T H R E A D  ---------------

Current thread (0x000000000083b000):  JavaThread "Unknown thread" [_thread_in_vm, id=4467, stack(0x00007fb587dbb000,0x00007fb587ebc000)]

Stack: [0x00007fb587dbb000,0x00007fb587ebc000],  sp=0x00007fb587eba060,  free space=1020k
Native frames: (J=compiled Java code, j=interpreted, Vv=VM code, C=native code)
V  [libjvm.so+0x66da5f]
V  [libjvm.so+0x66dc6d]
V  [libjvm.so+0x2cd8a3]
V  [libjvm.so+0x26525a]
V  [libjvm.so+0x267d6c]
V  [libjvm.so+0x608ac3]
V  [libjvm.so+0x6099a5]
V  [libjvm.so+0x609e43]
V  [libjvm.so+0x609f95]
V  [libjvm.so+0x60a009]
V  [libjvm.so+0x60a102]
V  [libjvm.so+0x64ac0f]
V  [libjvm.so+0x64b5a4]
V  [libjvm.so+0x386e4a]
V  [libjvm.so+0x637fd3]
V  [libjvm.so+0x3ca640]
C  [java+0x31de]  JavaMain+0x7e


---------------  P R O C E S S  ---------------

Java Threads: ( => current thread )

Other Threads:

=>0x000000000083b000 (exited) JavaThread "Unknown thread" [_thread_in_vm, id=4467, stack(0x00007fb587dbb000,0x00007fb587ebc000)]

VM state:not at safepoint (not fully initialized)

VM Mutex/Monitor currently owned by a thread: None

Dynamic libraries:
00400000-00409000 r-xp 00000000 08:05 555028                             /usr/lib/jvm/java-6-openjdk/jre/bin/java
00608000-00609000 r--p 00008000 08:05 555028                             /usr/lib/jvm/java-6-openjdk/jre/bin/java
00609000-0060a000 rw-p 00009000 08:05 555028                             /usr/lib/jvm/java-6-openjdk/jre/bin/java
00832000-00853000 rw-p 00000000 00:00 0                                  [heap]
7fb554000000-7fb554040000 rw-p 00000000 00:00 0 
7fb554040000-7fb558000000 ---p 00000000 00:00 0 
7fb559cc5000-7fb559d23000 r--s 00492000 08:05 192826                     /home/ziby/Scrivania/android-sdk-linux_86/platforms/android-7/android.jar
7fb559d23000-7fb559d4b000 rw-p 00000000 00:00 0 
7fb559d4b000-7fb559d4c000 ---p 00000000 00:00 0 
7fb559d4c000-7fb559e4c000 rw-p 00000000 00:00 0 
7fb559e4c000-7fb559e4d000 ---p 00000000 00:00 0 
7fb559e4d000-7fb559f4d000 rw-p 00000000 00:00 0 
7fb559f4d000-7fb559f58000 rwxp 00000000 00:00 0 
7fb559f58000-7fb559fa1000 rwxp 00000000 00:00 0 
7fb559fa1000-7fb559fab000 rwxp 00000000 00:00 0 
7fb559fab000-7fb55a03f000 rwxp 00000000 00:00 0 
7fb55a03f000-7fb55a04a000 rwxp 00000000 00:00 0 
7fb55a04a000-7fb55a093000 rwxp 00000000 00:00 0 
7fb55a093000-7fb55a09d000 rwxp 00000000 00:00 0 
7fb55a09d000-7fb55a130000 rwxp 00000000 00:00 0 
7fb55a130000-7fb55a136000 rwxp 00000000 00:00 0 
7fb55a136000-7fb55a17f000 rwxp 00000000 00:00 0 
7fb55a17f000-7fb55b640000 rwxp 00000000 00:00 0 
7fb55b640000-7fb564980000 rwxp 00000000 00:00 0 
7fb564980000-7fb565d20000 rwxp 00000000 00:00 0 
7fb565d20000-7fb578430000 rwxp 00000000 00:00 0 
7fb578430000-7fb578e00000 rwxp 00000000 00:00 0 
7fb578e00000-7fb582180000 rwxp 00000000 00:00 0 
7fb582187000-7fb5823f7000 rwxp 00000000 00:00 0 
7fb5823f7000-7fb585187000 rwxp 00000000 00:00 0 
7fb585187000-7fb58518e000 r-xp 00000000 08:05 1298254                    /usr/lib/jvm/java-6-openjdk/jre/lib/amd64/libzip.so
7fb58518e000-7fb58538d000 ---p 00007000 08:05 1298254                    /usr/lib/jvm/java-6-openjdk/jre/lib/amd64/libzip.so
7fb58538d000-7fb58538e000 r--p 00006000 08:05 1298254                    /usr/lib/jvm/java-6-openjdk/jre/lib/amd64/libzip.so
7fb58538e000-7fb58538f000 rw-p 00007000 08:05 1298254                    /usr/lib/jvm/java-6-openjdk/jre/lib/amd64/libzip.so
7fb58538f000-7fb58539b000 r-xp 00000000 08:05 780100                     /lib/libnss_files-2.10.1.so
7fb58539b000-7fb58559a000 ---p 0000c000 08:05 780100                     /lib/libnss_files-2.10.1.so
7fb58559a000-7fb58559b000 r--p 0000b000 08:05 780100                     /lib/libnss_files-2.10.1.so
7fb58559b000-7fb58559c000 rw-p 0000c000 08:05 780100                     /lib/libnss_files-2.10.1.so
7fb58559c000-7fb5855a6000 r-xp 00000000 08:05 780102                     /lib/libnss_nis-2.10.1.so
7fb5855a6000-7fb5857a5000 ---p 0000a000 08:05 780102                     /lib/libnss_nis-2.10.1.so
7fb5857a5000-7fb5857a6000 r--p 00009000 08:05 780102                     /lib/libnss_nis-2.10.1.so
7fb5857a6000-7fb5857a7000 rw-p 0000a000 08:05 780102                     /lib/libnss_nis-2.10.1.so
7fb5857a7000-7fb5857ae000 r-xp 00000000 08:05 780098                     /lib/libnss_compat-2.10.1.so
7fb5857ae000-7fb5859ae000 ---p 00007000 08:05 780098                     /lib/libnss_compat-2.10.1.so
7fb5859ae000-7fb5859af000 r--p 00007000 08:05 780098                     /lib/libnss_compat-2.10.1.so
7fb5859af000-7fb5859b0000 rw-p 00008000 08:05 780098                     /lib/libnss_compat-2.10.1.so
7fb5859b0000-7fb5859b8000 r-xp 00000000 08:05 1298255                    /usr/lib/jvm/java-6-openjdk/jre/lib/amd64/native_threads/libhpi.so
7fb5859b8000-7fb585bb7000 ---p 00008000 08:05 1298255                    /usr/lib/jvm/java-6-openjdk/jre/lib/amd64/native_threads/libhpi.so
7fb585bb7000-7fb585bb8000 r--p 00007000 08:05 1298255                    /usr/lib/jvm/java-6-openjdk/jre/lib/amd64/native_threads/libhpi.so
7fb585bb8000-7fb585bb9000 rw-p 00008000 08:05 1298255                    /usr/lib/jvm/java-6-openjdk/jre/lib/amd64/native_threads/libhpi.so
7fb585bb9000-7fb585bcf000 r-xp 00000000 08:05 780097                     /lib/libnsl-2.10.1.so
7fb585bcf000-7fb585dcf000 ---p 00016000 08:05 780097                     /lib/libnsl-2.10.1.so
7fb585dcf000-7fb585dd0000 r--p 00016000 08:05 780097                     /lib/libnsl-2.10.1.so
7fb585dd0000-7fb585dd1000 rw-p 00017000 08:05 780097                     /lib/libnsl-2.10.1.so
7fb585dd1000-7fb585dd3000 rw-p 00000000 00:00 0 
7fb585dd3000-7fb585e00000 r-xp 00000000 08:05 1298236                    /usr/lib/jvm/java-6-openjdk/jre/lib/amd64/libjava.so
7fb585e00000-7fb585fff000 ---p 0002d000 08:05 1298236                    /usr/lib/jvm/java-6-openjdk/jre/lib/amd64/libjava.so
7fb585fff000-7fb586000000 r--p 0002c000 08:05 1298236                    /usr/lib/jvm/java-6-openjdk/jre/lib/amd64/libjava.so
7fb586000000-7fb586003000 rw-p 0002d000 08:05 1298236                    /usr/lib/jvm/java-6-openjdk/jre/lib/amd64/libjava.so
7fb586003000-7fb586011000 r-xp 00000000 08:05 1298253                    /usr/lib/jvm/java-6-openjdk/jre/lib/amd64/libverify.so
7fb586011000-7fb586210000 ---p 0000e000 08:05 1298253                    /usr/lib/jvm/java-6-openjdk/jre/lib/amd64/libverify.so
7fb586210000-7fb586212000 r--p 0000d000 08:05 1298253                    /usr/lib/jvm/java-6-openjdk/jre/lib/amd64/libverify.so
7fb586212000-7fb586213000 rw-p 0000f000 08:05 1298253                    /usr/lib/jvm/java-6-openjdk/jre/lib/amd64/libverify.so
7fb586213000-7fb58621a000 r-xp 00000000 08:05 780107                     /lib/librt-2.10.1.so
7fb58621a000-7fb586419000 ---p 00007000 08:05 780107                     /lib/librt-2.10.1.so
7fb586419000-7fb58641a000 r--p 00006000 08:05 780107                     /lib/librt-2.10.1.so
7fb58641a000-7fb58641b000 rw-p 00007000 08:05 780107                     /lib/librt-2.10.1.so
7fb58641b000-7fb58649d000 r-xp 00000000 08:05 780095                     /lib/libm-2.10.1.so
7fb58649d000-7fb58669d000 ---p 00082000 08:05 780095                     /lib/libm-2.10.1.so
7fb58669d000-7fb58669e000 r--p 00082000 08:05 780095                     /lib/libm-2.10.1.so
7fb58669e000-7fb58669f000 rw-p 00083000 08:05 780095                     /lib/libm-2.10.1.so
7fb58669f000-7fb586e5a000 r-xp 00000000 08:05 1298256                    /usr/lib/jvm/java-6-openjdk/jre/lib/amd64/server/libjvm.so
7fb586e5a000-7fb58705a000 ---p 007bb000 08:05 1298256                    /usr/lib/jvm/java-6-openjdk/jre/lib/amd64/server/libjvm.so
7fb58705a000-7fb5870c7000 r--p 007bb000 08:05 1298256                    /usr/lib/jvm/java-6-openjdk/jre/lib/amd64/server/libjvm.so
7fb5870c7000-7fb5870e0000 rw-p 00828000 08:05 1298256                    /usr/lib/jvm/java-6-openjdk/jre/lib/amd64/server/libjvm.so
7fb5870e0000-7fb58711c000 rw-p 00000000 00:00 0 
7fb58711c000-7fb587282000 r-xp 00000000 08:05 780090                     /lib/libc-2.10.1.so
7fb587282000-7fb587482000 ---p 00166000 08:05 780090                     /lib/libc-2.10.1.so
7fb587482000-7fb587486000 r--p 00166000 08:05 780090                     /lib/libc-2.10.1.so
7fb587486000-7fb587487000 rw-p 0016a000 08:05 780090                     /lib/libc-2.10.1.so
7fb587487000-7fb58748c000 rw-p 00000000 00:00 0 
7fb58748c000-7fb58748e000 r-xp 00000000 08:05 780094                     /lib/libdl-2.10.1.so
7fb58748e000-7fb58768e000 ---p 00002000 08:05 780094                     /lib/libdl-2.10.1.so
7fb58768e000-7fb58768f000 r--p 00002000 08:05 780094                     /lib/libdl-2.10.1.so
7fb58768f000-7fb587690000 rw-p 00003000 08:05 780094                     /lib/libdl-2.10.1.so
7fb587690000-7fb587694000 r-xp 00000000 08:05 1297450                    /usr/lib/jvm/java-6-openjdk/jre/lib/amd64/jli/libjli.so
7fb587694000-7fb587893000 ---p 00004000 08:05 1297450                    /usr/lib/jvm/java-6-openjdk/jre/lib/amd64/jli/libjli.so
7fb587893000-7fb587894000 r--p 00003000 08:05 1297450                    /usr/lib/jvm/java-6-openjdk/jre/lib/amd64/jli/libjli.so
7fb587894000-7fb587895000 rw-p 00004000 08:05 1297450                    /usr/lib/jvm/java-6-openjdk/jre/lib/amd64/jli/libjli.so
7fb587895000-7fb5878ac000 r-xp 00000000 08:05 780105                     /lib/libpthread-2.10.1.so
7fb5878ac000-7fb587aab000 ---p 00017000 08:05 780105                     /lib/libpthread-2.10.1.so
7fb587aab000-7fb587aac000 r--p 00016000 08:05 780105                     /lib/libpthread-2.10.1.so
7fb587aac000-7fb587aad000 rw-p 00017000 08:05 780105                     /lib/libpthread-2.10.1.so
7fb587aad000-7fb587ab1000 rw-p 00000000 00:00 0 
7fb587ab1000-7fb587ac7000 r-xp 00000000 08:05 791992                     /lib/libz.so.1.2.3.3
7fb587ac7000-7fb587cc6000 ---p 00016000 08:05 791992                     /lib/libz.so.1.2.3.3
7fb587cc6000-7fb587cc7000 r--p 00015000 08:05 791992                     /lib/libz.so.1.2.3.3
7fb587cc7000-7fb587cc8000 rw-p 00016000 08:05 791992                     /lib/libz.so.1.2.3.3
7fb587cc8000-7fb587ce7000 r-xp 00000000 08:05 775219                     /lib/ld-2.10.1.so
7fb587cfb000-7fb587d05000 rwxp 00000000 00:00 0 
7fb587d05000-7fb587dbb000 rwxp 00000000 00:00 0 
7fb587dbb000-7fb587dbe000 ---p 00000000 00:00 0 
7fb587dbe000-7fb587ec0000 rw-p 00000000 00:00 0 
7fb587ed9000-7fb587ee1000 rw-s 00000000 08:05 800471                     /tmp/hsperfdata_ziby/4461
7fb587ee1000-7fb587ee2000 rw-p 00000000 00:00 0 
7fb587ee2000-7fb587ee3000 r--p 00000000 00:00 0 
7fb587ee3000-7fb587ee6000 rw-p 00000000 00:00 0 
7fb587ee6000-7fb587ee7000 r--p 0001e000 08:05 775219                     /lib/ld-2.10.1.so
7fb587ee7000-7fb587ee8000 rw-p 0001f000 08:05 775219                     /lib/ld-2.10.1.so
7fff2dc50000-7fff2dc65000 rw-p 00000000 00:00 0                          [stack]
7fff2ddb8000-7fff2ddb9000 r-xp 00000000 00:00 0                          [vdso]
ffffffffff600000-ffffffffff601000 r-xp 00000000 00:00 0                  [vsyscall]

VM Arguments:
jvm_args: -Dfile.encoding=UTF-8 -Xbootclasspath/p:/home/ziby/Scrivania/android-sdk-linux_86/platforms/android-7/android.jar 
java_command: source.mdtn.server.Server
Launcher Type: SUN_STANDARD

Environment Variables:
PATH=/usr/local/sbin:/usr/local/bin:/usr/sbin:/usr/bin:/sbin:/bin:/usr/games
USERNAME=ziby
LD_LIBRARY_PATH=/usr/lib/jvm/java-6-openjdk/jre/lib/amd64/server:/usr/lib/jvm/java-6-openjdk/jre/lib/amd64:/usr/lib/jvm/java-6-openjdk/jre/../lib/amd64:/usr/lib/jvm/java-6-sun-1.6.0.20/jre/lib/amd64/server:/usr/lib/jvm/java-6-sun-1.6.0.20/jre/lib/amd64:/usr/lib/jvm/java-6-sun-1.6.0.20/jre/../lib/amd64:/usr/lib/xulrunner-1.9.1.9:/usr/lib64/xulrunner-addons
SHELL=/bin/bash
DISPLAY=:0.0

Signal Handlers:
SIGSEGV: [libjvm.so+0x66e6e0], sa_mask[0]=0x7ffbfeff, sa_flags=0x10000004
SIGBUS: [libjvm.so+0x66e6e0], sa_mask[0]=0x7ffbfeff, sa_flags=0x10000004
SIGFPE: [libjvm.so+0x5453e0], sa_mask[0]=0x7ffbfeff, sa_flags=0x10000004
SIGPIPE: [libjvm.so+0x5453e0], sa_mask[0]=0x7ffbfeff, sa_flags=0x10000004
SIGXFSZ: [libjvm.so+0x5453e0], sa_mask[0]=0x7ffbfeff, sa_flags=0x10000004
SIGILL: [libjvm.so+0x5453e0], sa_mask[0]=0x7ffbfeff, sa_flags=0x10000004
SIGUSR1: SIG_DFL, sa_mask[0]=0x00000000, sa_flags=0x00000000
SIGUSR2: [libjvm.so+0x544b30], sa_mask[0]=0x00000004, sa_flags=0x10000004
SIGHUP: SIG_DFL, sa_mask[0]=0x00000000, sa_flags=0x00000000
SIGINT: SIG_DFL, sa_mask[0]=0x00000000, sa_flags=0x00000000
SIGTERM: SIG_DFL, sa_mask[0]=0x00000000, sa_flags=0x00000000
SIGQUIT: SIG_DFL, sa_mask[0]=0x00000000, sa_flags=0x00000000


---------------  S Y S T E M  ---------------

OS:Ubuntu 9.10 (karmic)
uname:Linux 2.6.31-15-generic #50-Ubuntu SMP Tue Nov 10 14:53:52 UTC 2009 x86_64
libc:glibc 2.10.1 NPTL 2.10.1 
rlimit: STACK 8192k, CORE 0k, NPROC infinity, NOFILE 1024, AS infinity
load average:0.32 0.27 0.34

CPU:total 2 (2 cores per cpu, 1 threads per core) family 15 model 104 stepping 1, cmov, cx8, fxsr, mmx, sse, sse2, sse3, mmxext, 3dnow, 3dnowext

Memory: 4k page, physical 1926400k(62656k free), swap 979924k(979924k free)

vm_info: OpenJDK 64-Bit Server VM (14.0-b16) for linux-amd64 JRE (1.6.0_0-b16), built on Apr  4 2010 19:41:29 by "buildd" with gcc 4.4.1

time: Wed Jun  9 10:25:36 2010
elapsed time: 0 seconds

