#
# A fatal error has been detected by the Java Runtime Environment:
#
#  Internal Error (classFileParser.cpp:3075), pid=6495, tid=139870109624592
#  Error: ShouldNotReachHere()
#
# JRE version: 6.0-b16
# Java VM: OpenJDK 64-Bit Server VM (14.0-b16 mixed mode linux-amd64 )
# Distribution: Ubuntu 9.10, package 6b16-1.6.1-3ubuntu3
# If you would like to submit a bug report, please include
# instructions how to reproduce the bug and visit:
#   https://bugs.launchpad.net/ubuntu/+source/openjdk-6/
#

---------------  T H R E A D  ---------------

Current thread (0x00000000012e9000):  JavaThread "Unknown thread" [_thread_in_vm, id=6501, stack(0x00007f360c22e000,0x00007f360c32f000)]

Stack: [0x00007f360c22e000,0x00007f360c32f000],  sp=0x00007f360c32d060,  free space=1020k
Native frames: (J=compiled Java code, j=interpreted, Vv=VM code, C=native code)
V  [libjvm.so+0x66da5f]
V  [libjvm.so+0x66dc6d]
V  [libjvm.so+0x2cd8a3]
V  [libjvm.so+0x26525a]
V  [libjvm.so+0x267d6c]
V  [libjvm.so+0x608ac3]
V  [libjvm.so+0x6099a5]
V  [libjvm.so+0x609e43]
V  [libjvm.so+0x609f95]
V  [libjvm.so+0x60a009]
V  [libjvm.so+0x60a102]
V  [libjvm.so+0x64ac0f]
V  [libjvm.so+0x64b5a4]
V  [libjvm.so+0x386e4a]
V  [libjvm.so+0x637fd3]
V  [libjvm.so+0x3ca640]
C  [java+0x31de]  JavaMain+0x7e


---------------  P R O C E S S  ---------------

Java Threads: ( => current thread )

Other Threads:

=>0x00000000012e9000 (exited) JavaThread "Unknown thread" [_thread_in_vm, id=6501, stack(0x00007f360c22e000,0x00007f360c32f000)]

VM state:not at safepoint (not fully initialized)

VM Mutex/Monitor currently owned by a thread: None

Dynamic libraries:
00400000-00409000 r-xp 00000000 08:05 555028                             /usr/lib/jvm/java-6-openjdk/jre/bin/java
00608000-00609000 r--p 00008000 08:05 555028                             /usr/lib/jvm/java-6-openjdk/jre/bin/java
00609000-0060a000 rw-p 00009000 08:05 555028                             /usr/lib/jvm/java-6-openjdk/jre/bin/java
012e0000-01346000 rw-p 00000000 00:00 0                                  [heap]
7f35de134000-7f35de193000 r--s 00492000 08:05 290610                     /home/ziby/Scrivania/android-sdk-linux_86/platforms/android-7/android.jar
7f35de193000-7f35de1bb000 rw-p 00000000 00:00 0 
7f35de1bb000-7f35de1bc000 ---p 00000000 00:00 0 
7f35de1bc000-7f35de2bc000 rw-p 00000000 00:00 0 
7f35de2bc000-7f35de2bd000 ---p 00000000 00:00 0 
7f35de2bd000-7f35de3bd000 rw-p 00000000 00:00 0 
7f35de3bd000-7f35de3c8000 rwxp 00000000 00:00 0 
7f35de3c8000-7f35de411000 rwxp 00000000 00:00 0 
7f35de411000-7f35de41b000 rwxp 00000000 00:00 0 
7f35de41b000-7f35de4af000 rwxp 00000000 00:00 0 
7f35de4af000-7f35de4ba000 rwxp 00000000 00:00 0 
7f35de4ba000-7f35de503000 rwxp 00000000 00:00 0 
7f35de503000-7f35de50d000 rwxp 00000000 00:00 0 
7f35de50d000-7f35de5a0000 rwxp 00000000 00:00 0 
7f35de5a0000-7f35de5a6000 rwxp 00000000 00:00 0 
7f35de5a6000-7f35de5ef000 rwxp 00000000 00:00 0 
7f35de5ef000-7f35dfab0000 rwxp 00000000 00:00 0 
7f35dfab0000-7f35e8df0000 rwxp 00000000 00:00 0 
7f35e8df0000-7f35ea190000 rwxp 00000000 00:00 0 
7f35ea190000-7f35fc8a0000 rwxp 00000000 00:00 0 
7f35fc8a0000-7f35fd270000 rwxp 00000000 00:00 0 
7f35fd270000-7f36065f0000 rwxp 00000000 00:00 0 
7f36065fa000-7f360686a000 rwxp 00000000 00:00 0 
7f360686a000-7f36095fa000 rwxp 00000000 00:00 0 
7f36095fa000-7f3609601000 r-xp 00000000 08:05 1298254                    /usr/lib/jvm/java-6-openjdk/jre/lib/amd64/libzip.so
7f3609601000-7f3609800000 ---p 00007000 08:05 1298254                    /usr/lib/jvm/java-6-openjdk/jre/lib/amd64/libzip.so
7f3609800000-7f3609801000 r--p 00006000 08:05 1298254                    /usr/lib/jvm/java-6-openjdk/jre/lib/amd64/libzip.so
7f3609801000-7f3609802000 rw-p 00007000 08:05 1298254                    /usr/lib/jvm/java-6-openjdk/jre/lib/amd64/libzip.so
7f3609802000-7f360980e000 r-xp 00000000 08:05 780100                     /lib/libnss_files-2.10.1.so
7f360980e000-7f3609a0d000 ---p 0000c000 08:05 780100                     /lib/libnss_files-2.10.1.so
7f3609a0d000-7f3609a0e000 r--p 0000b000 08:05 780100                     /lib/libnss_files-2.10.1.so
7f3609a0e000-7f3609a0f000 rw-p 0000c000 08:05 780100                     /lib/libnss_files-2.10.1.so
7f3609a0f000-7f3609a19000 r-xp 00000000 08:05 780102                     /lib/libnss_nis-2.10.1.so
7f3609a19000-7f3609c18000 ---p 0000a000 08:05 780102                     /lib/libnss_nis-2.10.1.so
7f3609c18000-7f3609c19000 r--p 00009000 08:05 780102                     /lib/libnss_nis-2.10.1.so
7f3609c19000-7f3609c1a000 rw-p 0000a000 08:05 780102                     /lib/libnss_nis-2.10.1.so
7f3609c1a000-7f3609c21000 r-xp 00000000 08:05 780098                     /lib/libnss_compat-2.10.1.so
7f3609c21000-7f3609e21000 ---p 00007000 08:05 780098                     /lib/libnss_compat-2.10.1.so
7f3609e21000-7f3609e22000 r--p 00007000 08:05 780098                     /lib/libnss_compat-2.10.1.so
7f3609e22000-7f3609e23000 rw-p 00008000 08:05 780098                     /lib/libnss_compat-2.10.1.so
7f3609e23000-7f3609e2b000 r-xp 00000000 08:05 1298255                    /usr/lib/jvm/java-6-openjdk/jre/lib/amd64/native_threads/libhpi.so
7f3609e2b000-7f360a02a000 ---p 00008000 08:05 1298255                    /usr/lib/jvm/java-6-openjdk/jre/lib/amd64/native_threads/libhpi.so
7f360a02a000-7f360a02b000 r--p 00007000 08:05 1298255                    /usr/lib/jvm/java-6-openjdk/jre/lib/amd64/native_threads/libhpi.so
7f360a02b000-7f360a02c000 rw-p 00008000 08:05 1298255                    /usr/lib/jvm/java-6-openjdk/jre/lib/amd64/native_threads/libhpi.so
7f360a02c000-7f360a042000 r-xp 00000000 08:05 780097                     /lib/libnsl-2.10.1.so
7f360a042000-7f360a242000 ---p 00016000 08:05 780097                     /lib/libnsl-2.10.1.so
7f360a242000-7f360a243000 r--p 00016000 08:05 780097                     /lib/libnsl-2.10.1.so
7f360a243000-7f360a244000 rw-p 00017000 08:05 780097                     /lib/libnsl-2.10.1.so
7f360a244000-7f360a246000 rw-p 00000000 00:00 0 
7f360a246000-7f360a273000 r-xp 00000000 08:05 1298236                    /usr/lib/jvm/java-6-openjdk/jre/lib/amd64/libjava.so
7f360a273000-7f360a472000 ---p 0002d000 08:05 1298236                    /usr/lib/jvm/java-6-openjdk/jre/lib/amd64/libjava.so
7f360a472000-7f360a473000 r--p 0002c000 08:05 1298236                    /usr/lib/jvm/java-6-openjdk/jre/lib/amd64/libjava.so
7f360a473000-7f360a476000 rw-p 0002d000 08:05 1298236                    /usr/lib/jvm/java-6-openjdk/jre/lib/amd64/libjava.so
7f360a476000-7f360a484000 r-xp 00000000 08:05 1298253                    /usr/lib/jvm/java-6-openjdk/jre/lib/amd64/libverify.so
7f360a484000-7f360a683000 ---p 0000e000 08:05 1298253                    /usr/lib/jvm/java-6-openjdk/jre/lib/amd64/libverify.so
7f360a683000-7f360a685000 r--p 0000d000 08:05 1298253                    /usr/lib/jvm/java-6-openjdk/jre/lib/amd64/libverify.so
7f360a685000-7f360a686000 rw-p 0000f000 08:05 1298253                    /usr/lib/jvm/java-6-openjdk/jre/lib/amd64/libverify.so
7f360a686000-7f360a68d000 r-xp 00000000 08:05 780107                     /lib/librt-2.10.1.so
7f360a68d000-7f360a88c000 ---p 00007000 08:05 780107                     /lib/librt-2.10.1.so
7f360a88c000-7f360a88d000 r--p 00006000 08:05 780107                     /lib/librt-2.10.1.so
7f360a88d000-7f360a88e000 rw-p 00007000 08:05 780107                     /lib/librt-2.10.1.so
7f360a88e000-7f360a910000 r-xp 00000000 08:05 780095                     /lib/libm-2.10.1.so
7f360a910000-7f360ab10000 ---p 00082000 08:05 780095                     /lib/libm-2.10.1.so
7f360ab10000-7f360ab11000 r--p 00082000 08:05 780095                     /lib/libm-2.10.1.so
7f360ab11000-7f360ab12000 rw-p 00083000 08:05 780095                     /lib/libm-2.10.1.so
7f360ab12000-7f360b2cd000 r-xp 00000000 08:05 1298256                    /usr/lib/jvm/java-6-openjdk/jre/lib/amd64/server/libjvm.so
7f360b2cd000-7f360b4cd000 ---p 007bb000 08:05 1298256                    /usr/lib/jvm/java-6-openjdk/jre/lib/amd64/server/libjvm.so
7f360b4cd000-7f360b53a000 r--p 007bb000 08:05 1298256                    /usr/lib/jvm/java-6-openjdk/jre/lib/amd64/server/libjvm.so
7f360b53a000-7f360b553000 rw-p 00828000 08:05 1298256                    /usr/lib/jvm/java-6-openjdk/jre/lib/amd64/server/libjvm.so
7f360b553000-7f360b58f000 rw-p 00000000 00:00 0 
7f360b58f000-7f360b6f5000 r-xp 00000000 08:05 780090                     /lib/libc-2.10.1.so
7f360b6f5000-7f360b8f5000 ---p 00166000 08:05 780090                     /lib/libc-2.10.1.so
7f360b8f5000-7f360b8f9000 r--p 00166000 08:05 780090                     /lib/libc-2.10.1.so
7f360b8f9000-7f360b8fa000 rw-p 0016a000 08:05 780090                     /lib/libc-2.10.1.so
7f360b8fa000-7f360b8ff000 rw-p 00000000 00:00 0 
7f360b8ff000-7f360b901000 r-xp 00000000 08:05 780094                     /lib/libdl-2.10.1.so
7f360b901000-7f360bb01000 ---p 00002000 08:05 780094                     /lib/libdl-2.10.1.so
7f360bb01000-7f360bb02000 r--p 00002000 08:05 780094                     /lib/libdl-2.10.1.so
7f360bb02000-7f360bb03000 rw-p 00003000 08:05 780094                     /lib/libdl-2.10.1.so
7f360bb03000-7f360bb07000 r-xp 00000000 08:05 1297450                    /usr/lib/jvm/java-6-openjdk/jre/lib/amd64/jli/libjli.so
7f360bb07000-7f360bd06000 ---p 00004000 08:05 1297450                    /usr/lib/jvm/java-6-openjdk/jre/lib/amd64/jli/libjli.so
7f360bd06000-7f360bd07000 r--p 00003000 08:05 1297450                    /usr/lib/jvm/java-6-openjdk/jre/lib/amd64/jli/libjli.so
7f360bd07000-7f360bd08000 rw-p 00004000 08:05 1297450                    /usr/lib/jvm/java-6-openjdk/jre/lib/amd64/jli/libjli.so
7f360bd08000-7f360bd1f000 r-xp 00000000 08:05 780105                     /lib/libpthread-2.10.1.so
7f360bd1f000-7f360bf1e000 ---p 00017000 08:05 780105                     /lib/libpthread-2.10.1.so
7f360bf1e000-7f360bf1f000 r--p 00016000 08:05 780105                     /lib/libpthread-2.10.1.so
7f360bf1f000-7f360bf20000 rw-p 00017000 08:05 780105                     /lib/libpthread-2.10.1.so
7f360bf20000-7f360bf24000 rw-p 00000000 00:00 0 
7f360bf24000-7f360bf3a000 r-xp 00000000 08:05 791992                     /lib/libz.so.1.2.3.3
7f360bf3a000-7f360c139000 ---p 00016000 08:05 791992                     /lib/libz.so.1.2.3.3
7f360c139000-7f360c13a000 r--p 00015000 08:05 791992                     /lib/libz.so.1.2.3.3
7f360c13a000-7f360c13b000 rw-p 00016000 08:05 791992                     /lib/libz.so.1.2.3.3
7f360c13b000-7f360c15a000 r-xp 00000000 08:05 775219                     /lib/ld-2.10.1.so
7f360c16e000-7f360c178000 rwxp 00000000 00:00 0 
7f360c178000-7f360c22e000 rwxp 00000000 00:00 0 
7f360c22e000-7f360c231000 ---p 00000000 00:00 0 
7f360c231000-7f360c333000 rw-p 00000000 00:00 0 
7f360c34c000-7f360c354000 rw-s 00000000 08:05 669178                     /tmp/hsperfdata_ziby/6495
7f360c354000-7f360c355000 rw-p 00000000 00:00 0 
7f360c355000-7f360c356000 r--p 00000000 00:00 0 
7f360c356000-7f360c359000 rw-p 00000000 00:00 0 
7f360c359000-7f360c35a000 r--p 0001e000 08:05 775219                     /lib/ld-2.10.1.so
7f360c35a000-7f360c35b000 rw-p 0001f000 08:05 775219                     /lib/ld-2.10.1.so
7fff97a75000-7fff97a8a000 rw-p 00000000 00:00 0                          [stack]
7fff97bff000-7fff97c00000 r-xp 00000000 00:00 0                          [vdso]
ffffffffff600000-ffffffffff601000 r-xp 00000000 00:00 0                  [vsyscall]

VM Arguments:
jvm_args: -Dfile.encoding=UTF-8 -Xbootclasspath/p:/home/ziby/Scrivania/android-sdk-linux_86/platforms/android-7/android.jar 
java_command: source.mdtn.server.Server
Launcher Type: SUN_STANDARD

Environment Variables:
PATH=/usr/local/sbin:/usr/local/bin:/usr/sbin:/usr/bin:/sbin:/bin:/usr/games
USERNAME=ziby
LD_LIBRARY_PATH=/usr/lib/jvm/java-6-openjdk/jre/lib/amd64/server:/usr/lib/jvm/java-6-openjdk/jre/lib/amd64:/usr/lib/jvm/java-6-openjdk/jre/../lib/amd64:/usr/lib/jvm/java-6-sun-1.6.0.20/jre/lib/amd64/server:/usr/lib/jvm/java-6-sun-1.6.0.20/jre/lib/amd64:/usr/lib/jvm/java-6-sun-1.6.0.20/jre/../lib/amd64:/usr/lib/xulrunner-1.9.1.9:/usr/lib64/xulrunner-addons
SHELL=/bin/bash
DISPLAY=:0.0

Signal Handlers:
SIGSEGV: [libjvm.so+0x66e6e0], sa_mask[0]=0x7ffbfeff, sa_flags=0x10000004
SIGBUS: [libjvm.so+0x66e6e0], sa_mask[0]=0x7ffbfeff, sa_flags=0x10000004
SIGFPE: [libjvm.so+0x5453e0], sa_mask[0]=0x7ffbfeff, sa_flags=0x10000004
SIGPIPE: [libjvm.so+0x5453e0], sa_mask[0]=0x7ffbfeff, sa_flags=0x10000004
SIGXFSZ: [libjvm.so+0x5453e0], sa_mask[0]=0x7ffbfeff, sa_flags=0x10000004
SIGILL: [libjvm.so+0x5453e0], sa_mask[0]=0x7ffbfeff, sa_flags=0x10000004
SIGUSR1: SIG_DFL, sa_mask[0]=0x00000000, sa_flags=0x00000000
SIGUSR2: [libjvm.so+0x544b30], sa_mask[0]=0x00000004, sa_flags=0x10000004
SIGHUP: SIG_DFL, sa_mask[0]=0x00000000, sa_flags=0x00000000
SIGINT: SIG_DFL, sa_mask[0]=0x00000000, sa_flags=0x00000000
SIGTERM: SIG_DFL, sa_mask[0]=0x00000000, sa_flags=0x00000000
SIGQUIT: SIG_DFL, sa_mask[0]=0x00000000, sa_flags=0x00000000


---------------  S Y S T E M  ---------------

OS:Ubuntu 9.10 (karmic)
uname:Linux 2.6.31-15-generic #50-Ubuntu SMP Tue Nov 10 14:53:52 UTC 2009 x86_64
libc:glibc 2.10.1 NPTL 2.10.1 
rlimit: STACK 8192k, CORE 0k, NPROC infinity, NOFILE 1024, AS infinity
load average:2.27 1.85 1.22

CPU:total 2 (2 cores per cpu, 1 threads per core) family 15 model 104 stepping 1, cmov, cx8, fxsr, mmx, sse, sse2, sse3, mmxext, 3dnow, 3dnowext

Memory: 4k page, physical 1926400k(17632k free), swap 979924k(959256k free)

vm_info: OpenJDK 64-Bit Server VM (14.0-b16) for linux-amd64 JRE (1.6.0_0-b16), built on Apr  4 2010 19:41:29 by "buildd" with gcc 4.4.1

time: Tue Jul 13 13:27:39 2010
elapsed time: 0 seconds

