#
# A fatal error has been detected by the Java Runtime Environment:
#
#  Internal Error (classFileParser.cpp:3075), pid=792, tid=140473437354256
#  Error: ShouldNotReachHere()
#
# JRE version: 6.0-b16
# Java VM: OpenJDK 64-Bit Server VM (14.0-b16 mixed mode linux-amd64 )
# Distribution: Ubuntu 9.10, package 6b16-1.6.1-3ubuntu3
# If you would like to submit a bug report, please include
# instructions how to reproduce the bug and visit:
#   https://bugs.launchpad.net/ubuntu/+source/openjdk-6/
#

---------------  T H R E A D  ---------------

Current thread (0x0000000001f2a000):  JavaThread "Unknown thread" [_thread_in_vm, id=797, stack(0x00007fc285457000,0x00007fc285558000)]

Stack: [0x00007fc285457000,0x00007fc285558000],  sp=0x00007fc285556060,  free space=1020k
Native frames: (J=compiled Java code, j=interpreted, Vv=VM code, C=native code)
V  [libjvm.so+0x66da5f]
V  [libjvm.so+0x66dc6d]
V  [libjvm.so+0x2cd8a3]
V  [libjvm.so+0x26525a]
V  [libjvm.so+0x267d6c]
V  [libjvm.so+0x608ac3]
V  [libjvm.so+0x6099a5]
V  [libjvm.so+0x609e43]
V  [libjvm.so+0x609f95]
V  [libjvm.so+0x60a009]
V  [libjvm.so+0x60a102]
V  [libjvm.so+0x64ac0f]
V  [libjvm.so+0x64b5a4]
V  [libjvm.so+0x386e4a]
V  [libjvm.so+0x637fd3]
V  [libjvm.so+0x3ca640]
C  [java+0x31de]  JavaMain+0x7e


---------------  P R O C E S S  ---------------

Java Threads: ( => current thread )

Other Threads:

=>0x0000000001f2a000 (exited) JavaThread "Unknown thread" [_thread_in_vm, id=797, stack(0x00007fc285457000,0x00007fc285558000)]

VM state:not at safepoint (not fully initialized)

VM Mutex/Monitor currently owned by a thread: None

Dynamic libraries:
00400000-00409000 r-xp 00000000 08:05 555028                             /usr/lib/jvm/java-6-openjdk/jre/bin/java
00608000-00609000 r--p 00008000 08:05 555028                             /usr/lib/jvm/java-6-openjdk/jre/bin/java
00609000-0060a000 rw-p 00009000 08:05 555028                             /usr/lib/jvm/java-6-openjdk/jre/bin/java
01f21000-01f8e000 rw-p 00000000 00:00 0                                  [heap]
7fc257365000-7fc2573c3000 r--s 00492000 08:05 192826                     /home/ziby/Scrivania/android-sdk-linux_86/platforms/android-7/android.jar
7fc2573c3000-7fc2573eb000 rw-p 00000000 00:00 0 
7fc2573eb000-7fc2573ec000 ---p 00000000 00:00 0 
7fc2573ec000-7fc2574ec000 rw-p 00000000 00:00 0 
7fc2574ec000-7fc2574ed000 ---p 00000000 00:00 0 
7fc2574ed000-7fc2575ed000 rw-p 00000000 00:00 0 
7fc2575ed000-7fc2575f8000 rwxp 00000000 00:00 0 
7fc2575f8000-7fc257641000 rwxp 00000000 00:00 0 
7fc257641000-7fc25764b000 rwxp 00000000 00:00 0 
7fc25764b000-7fc2576df000 rwxp 00000000 00:00 0 
7fc2576df000-7fc2576ea000 rwxp 00000000 00:00 0 
7fc2576ea000-7fc257733000 rwxp 00000000 00:00 0 
7fc257733000-7fc25773d000 rwxp 00000000 00:00 0 
7fc25773d000-7fc2577d0000 rwxp 00000000 00:00 0 
7fc2577d0000-7fc2577d6000 rwxp 00000000 00:00 0 
7fc2577d6000-7fc25781f000 rwxp 00000000 00:00 0 
7fc25781f000-7fc258ce0000 rwxp 00000000 00:00 0 
7fc258ce0000-7fc262020000 rwxp 00000000 00:00 0 
7fc262020000-7fc2633c0000 rwxp 00000000 00:00 0 
7fc2633c0000-7fc275ad0000 rwxp 00000000 00:00 0 
7fc275ad0000-7fc2764a0000 rwxp 00000000 00:00 0 
7fc2764a0000-7fc27f820000 rwxp 00000000 00:00 0 
7fc27f823000-7fc27fa93000 rwxp 00000000 00:00 0 
7fc27fa93000-7fc282823000 rwxp 00000000 00:00 0 
7fc282823000-7fc28282a000 r-xp 00000000 08:05 1298254                    /usr/lib/jvm/java-6-openjdk/jre/lib/amd64/libzip.so
7fc28282a000-7fc282a29000 ---p 00007000 08:05 1298254                    /usr/lib/jvm/java-6-openjdk/jre/lib/amd64/libzip.so
7fc282a29000-7fc282a2a000 r--p 00006000 08:05 1298254                    /usr/lib/jvm/java-6-openjdk/jre/lib/amd64/libzip.so
7fc282a2a000-7fc282a2b000 rw-p 00007000 08:05 1298254                    /usr/lib/jvm/java-6-openjdk/jre/lib/amd64/libzip.so
7fc282a2b000-7fc282a37000 r-xp 00000000 08:05 780100                     /lib/libnss_files-2.10.1.so
7fc282a37000-7fc282c36000 ---p 0000c000 08:05 780100                     /lib/libnss_files-2.10.1.so
7fc282c36000-7fc282c37000 r--p 0000b000 08:05 780100                     /lib/libnss_files-2.10.1.so
7fc282c37000-7fc282c38000 rw-p 0000c000 08:05 780100                     /lib/libnss_files-2.10.1.so
7fc282c38000-7fc282c42000 r-xp 00000000 08:05 780102                     /lib/libnss_nis-2.10.1.so
7fc282c42000-7fc282e41000 ---p 0000a000 08:05 780102                     /lib/libnss_nis-2.10.1.so
7fc282e41000-7fc282e42000 r--p 00009000 08:05 780102                     /lib/libnss_nis-2.10.1.so
7fc282e42000-7fc282e43000 rw-p 0000a000 08:05 780102                     /lib/libnss_nis-2.10.1.so
7fc282e43000-7fc282e4a000 r-xp 00000000 08:05 780098                     /lib/libnss_compat-2.10.1.so
7fc282e4a000-7fc28304a000 ---p 00007000 08:05 780098                     /lib/libnss_compat-2.10.1.so
7fc28304a000-7fc28304b000 r--p 00007000 08:05 780098                     /lib/libnss_compat-2.10.1.so
7fc28304b000-7fc28304c000 rw-p 00008000 08:05 780098                     /lib/libnss_compat-2.10.1.so
7fc28304c000-7fc283054000 r-xp 00000000 08:05 1298255                    /usr/lib/jvm/java-6-openjdk/jre/lib/amd64/native_threads/libhpi.so
7fc283054000-7fc283253000 ---p 00008000 08:05 1298255                    /usr/lib/jvm/java-6-openjdk/jre/lib/amd64/native_threads/libhpi.so
7fc283253000-7fc283254000 r--p 00007000 08:05 1298255                    /usr/lib/jvm/java-6-openjdk/jre/lib/amd64/native_threads/libhpi.so
7fc283254000-7fc283255000 rw-p 00008000 08:05 1298255                    /usr/lib/jvm/java-6-openjdk/jre/lib/amd64/native_threads/libhpi.so
7fc283255000-7fc28326b000 r-xp 00000000 08:05 780097                     /lib/libnsl-2.10.1.so
7fc28326b000-7fc28346b000 ---p 00016000 08:05 780097                     /lib/libnsl-2.10.1.so
7fc28346b000-7fc28346c000 r--p 00016000 08:05 780097                     /lib/libnsl-2.10.1.so
7fc28346c000-7fc28346d000 rw-p 00017000 08:05 780097                     /lib/libnsl-2.10.1.so
7fc28346d000-7fc28346f000 rw-p 00000000 00:00 0 
7fc28346f000-7fc28349c000 r-xp 00000000 08:05 1298236                    /usr/lib/jvm/java-6-openjdk/jre/lib/amd64/libjava.so
7fc28349c000-7fc28369b000 ---p 0002d000 08:05 1298236                    /usr/lib/jvm/java-6-openjdk/jre/lib/amd64/libjava.so
7fc28369b000-7fc28369c000 r--p 0002c000 08:05 1298236                    /usr/lib/jvm/java-6-openjdk/jre/lib/amd64/libjava.so
7fc28369c000-7fc28369f000 rw-p 0002d000 08:05 1298236                    /usr/lib/jvm/java-6-openjdk/jre/lib/amd64/libjava.so
7fc28369f000-7fc2836ad000 r-xp 00000000 08:05 1298253                    /usr/lib/jvm/java-6-openjdk/jre/lib/amd64/libverify.so
7fc2836ad000-7fc2838ac000 ---p 0000e000 08:05 1298253                    /usr/lib/jvm/java-6-openjdk/jre/lib/amd64/libverify.so
7fc2838ac000-7fc2838ae000 r--p 0000d000 08:05 1298253                    /usr/lib/jvm/java-6-openjdk/jre/lib/amd64/libverify.so
7fc2838ae000-7fc2838af000 rw-p 0000f000 08:05 1298253                    /usr/lib/jvm/java-6-openjdk/jre/lib/amd64/libverify.so
7fc2838af000-7fc2838b6000 r-xp 00000000 08:05 780107                     /lib/librt-2.10.1.so
7fc2838b6000-7fc283ab5000 ---p 00007000 08:05 780107                     /lib/librt-2.10.1.so
7fc283ab5000-7fc283ab6000 r--p 00006000 08:05 780107                     /lib/librt-2.10.1.so
7fc283ab6000-7fc283ab7000 rw-p 00007000 08:05 780107                     /lib/librt-2.10.1.so
7fc283ab7000-7fc283b39000 r-xp 00000000 08:05 780095                     /lib/libm-2.10.1.so
7fc283b39000-7fc283d39000 ---p 00082000 08:05 780095                     /lib/libm-2.10.1.so
7fc283d39000-7fc283d3a000 r--p 00082000 08:05 780095                     /lib/libm-2.10.1.so
7fc283d3a000-7fc283d3b000 rw-p 00083000 08:05 780095                     /lib/libm-2.10.1.so
7fc283d3b000-7fc2844f6000 r-xp 00000000 08:05 1298256                    /usr/lib/jvm/java-6-openjdk/jre/lib/amd64/server/libjvm.so
7fc2844f6000-7fc2846f6000 ---p 007bb000 08:05 1298256                    /usr/lib/jvm/java-6-openjdk/jre/lib/amd64/server/libjvm.so
7fc2846f6000-7fc284763000 r--p 007bb000 08:05 1298256                    /usr/lib/jvm/java-6-openjdk/jre/lib/amd64/server/libjvm.so
7fc284763000-7fc28477c000 rw-p 00828000 08:05 1298256                    /usr/lib/jvm/java-6-openjdk/jre/lib/amd64/server/libjvm.so
7fc28477c000-7fc2847b8000 rw-p 00000000 00:00 0 
7fc2847b8000-7fc28491e000 r-xp 00000000 08:05 780090                     /lib/libc-2.10.1.so
7fc28491e000-7fc284b1e000 ---p 00166000 08:05 780090                     /lib/libc-2.10.1.so
7fc284b1e000-7fc284b22000 r--p 00166000 08:05 780090                     /lib/libc-2.10.1.so
7fc284b22000-7fc284b23000 rw-p 0016a000 08:05 780090                     /lib/libc-2.10.1.so
7fc284b23000-7fc284b28000 rw-p 00000000 00:00 0 
7fc284b28000-7fc284b2a000 r-xp 00000000 08:05 780094                     /lib/libdl-2.10.1.so
7fc284b2a000-7fc284d2a000 ---p 00002000 08:05 780094                     /lib/libdl-2.10.1.so
7fc284d2a000-7fc284d2b000 r--p 00002000 08:05 780094                     /lib/libdl-2.10.1.so
7fc284d2b000-7fc284d2c000 rw-p 00003000 08:05 780094                     /lib/libdl-2.10.1.so
7fc284d2c000-7fc284d30000 r-xp 00000000 08:05 1297450                    /usr/lib/jvm/java-6-openjdk/jre/lib/amd64/jli/libjli.so
7fc284d30000-7fc284f2f000 ---p 00004000 08:05 1297450                    /usr/lib/jvm/java-6-openjdk/jre/lib/amd64/jli/libjli.so
7fc284f2f000-7fc284f30000 r--p 00003000 08:05 1297450                    /usr/lib/jvm/java-6-openjdk/jre/lib/amd64/jli/libjli.so
7fc284f30000-7fc284f31000 rw-p 00004000 08:05 1297450                    /usr/lib/jvm/java-6-openjdk/jre/lib/amd64/jli/libjli.so
7fc284f31000-7fc284f48000 r-xp 00000000 08:05 780105                     /lib/libpthread-2.10.1.so
7fc284f48000-7fc285147000 ---p 00017000 08:05 780105                     /lib/libpthread-2.10.1.so
7fc285147000-7fc285148000 r--p 00016000 08:05 780105                     /lib/libpthread-2.10.1.so
7fc285148000-7fc285149000 rw-p 00017000 08:05 780105                     /lib/libpthread-2.10.1.so
7fc285149000-7fc28514d000 rw-p 00000000 00:00 0 
7fc28514d000-7fc285163000 r-xp 00000000 08:05 791992                     /lib/libz.so.1.2.3.3
7fc285163000-7fc285362000 ---p 00016000 08:05 791992                     /lib/libz.so.1.2.3.3
7fc285362000-7fc285363000 r--p 00015000 08:05 791992                     /lib/libz.so.1.2.3.3
7fc285363000-7fc285364000 rw-p 00016000 08:05 791992                     /lib/libz.so.1.2.3.3
7fc285364000-7fc285383000 r-xp 00000000 08:05 775219                     /lib/ld-2.10.1.so
7fc285397000-7fc2853a1000 rwxp 00000000 00:00 0 
7fc2853a1000-7fc285457000 rwxp 00000000 00:00 0 
7fc285457000-7fc28545a000 ---p 00000000 00:00 0 
7fc28545a000-7fc28555c000 rw-p 00000000 00:00 0 
7fc285575000-7fc28557d000 rw-s 00000000 08:05 800522                     /tmp/hsperfdata_ziby/792
7fc28557d000-7fc28557e000 rw-p 00000000 00:00 0 
7fc28557e000-7fc28557f000 r--p 00000000 00:00 0 
7fc28557f000-7fc285582000 rw-p 00000000 00:00 0 
7fc285582000-7fc285583000 r--p 0001e000 08:05 775219                     /lib/ld-2.10.1.so
7fc285583000-7fc285584000 rw-p 0001f000 08:05 775219                     /lib/ld-2.10.1.so
7fff10be9000-7fff10bfe000 rw-p 00000000 00:00 0                          [stack]
7fff10bff000-7fff10c00000 r-xp 00000000 00:00 0                          [vdso]
ffffffffff600000-ffffffffff601000 r-xp 00000000 00:00 0                  [vsyscall]

VM Arguments:
jvm_args: -Dfile.encoding=UTF-8 -Xbootclasspath/p:/home/ziby/Scrivania/android-sdk-linux_86/platforms/android-7/android.jar 
java_command: source.mdtn.bundle.Bundle
Launcher Type: SUN_STANDARD

Environment Variables:
PATH=/usr/local/sbin:/usr/local/bin:/usr/sbin:/usr/bin:/sbin:/bin:/usr/games
USERNAME=ziby
LD_LIBRARY_PATH=/usr/lib/jvm/java-6-openjdk/jre/lib/amd64/server:/usr/lib/jvm/java-6-openjdk/jre/lib/amd64:/usr/lib/jvm/java-6-openjdk/jre/../lib/amd64:/usr/lib/jvm/java-6-sun-1.6.0.20/jre/lib/amd64/server:/usr/lib/jvm/java-6-sun-1.6.0.20/jre/lib/amd64:/usr/lib/jvm/java-6-sun-1.6.0.20/jre/../lib/amd64:/usr/lib/xulrunner-1.9.1.9:/usr/lib64/xulrunner-addons
SHELL=/bin/bash
DISPLAY=:0.0

Signal Handlers:
SIGSEGV: [libjvm.so+0x66e6e0], sa_mask[0]=0x7ffbfeff, sa_flags=0x10000004
SIGBUS: [libjvm.so+0x66e6e0], sa_mask[0]=0x7ffbfeff, sa_flags=0x10000004
SIGFPE: [libjvm.so+0x5453e0], sa_mask[0]=0x7ffbfeff, sa_flags=0x10000004
SIGPIPE: [libjvm.so+0x5453e0], sa_mask[0]=0x7ffbfeff, sa_flags=0x10000004
SIGXFSZ: [libjvm.so+0x5453e0], sa_mask[0]=0x7ffbfeff, sa_flags=0x10000004
SIGILL: [libjvm.so+0x5453e0], sa_mask[0]=0x7ffbfeff, sa_flags=0x10000004
SIGUSR1: SIG_DFL, sa_mask[0]=0x00000000, sa_flags=0x00000000
SIGUSR2: [libjvm.so+0x544b30], sa_mask[0]=0x00000004, sa_flags=0x10000004
SIGHUP: SIG_DFL, sa_mask[0]=0x00000000, sa_flags=0x00000000
SIGINT: SIG_DFL, sa_mask[0]=0x00000000, sa_flags=0x00000000
SIGTERM: SIG_DFL, sa_mask[0]=0x00000000, sa_flags=0x00000000
SIGQUIT: SIG_DFL, sa_mask[0]=0x00000000, sa_flags=0x00000000


---------------  S Y S T E M  ---------------

OS:Ubuntu 9.10 (karmic)
uname:Linux 2.6.31-15-generic #50-Ubuntu SMP Tue Nov 10 14:53:52 UTC 2009 x86_64
libc:glibc 2.10.1 NPTL 2.10.1 
rlimit: STACK 8192k, CORE 0k, NPROC infinity, NOFILE 1024, AS infinity
load average:0.29 0.32 0.22

CPU:total 2 (2 cores per cpu, 1 threads per core) family 15 model 104 stepping 1, cmov, cx8, fxsr, mmx, sse, sse2, sse3, mmxext, 3dnow, 3dnowext

Memory: 4k page, physical 1926400k(53780k free), swap 979924k(846904k free)

vm_info: OpenJDK 64-Bit Server VM (14.0-b16) for linux-amd64 JRE (1.6.0_0-b16), built on Apr  4 2010 19:41:29 by "buildd" with gcc 4.4.1

time: Thu Jun  3 18:08:55 2010
elapsed time: 0 seconds

